Arguments: 
  /Users/alien/.nvm/versions/node/v17.0.1/bin/node /usr/local/bin/yarn add HDWalletProvider

PATH: 
  /Users/alien/.rvm/gems/ruby-2.7.1/bin:/Users/alien/.rvm/gems/ruby-2.7.1@global/bin:/Users/alien/.rvm/rubies/ruby-2.7.1/bin:/Users/alien/.nvm/versions/node/v17.0.1/bin:/Users/alien/.rbenv/shims:/usr/local/opt/ruby/bin:/Users/alien/opt/anaconda3/bin:/Users/alien/opt/anaconda3/condabin:/Users/alien/go/bin:/anaconda3/bin:/usr/local/bin:/usr/bin:/bin:/usr/sbin:/sbin:/usr/local/go/bin:/Library/Apple/usr/bin:/Library/Frameworks/Mono.framework/Versions/Current/Commands:/Users/alien/.cargo/bin:/Users/alien/Desktop/daiwanwei/mycoin-cli-web3/node_modules/.bin:/Users/alien/.rvm/bin

Yarn version: 
  1.22.10

Node version: 
  17.0.1

Platform: 
  darwin x64

Trace: 
  Error: https://registry.yarnpkg.com/HDWalletProvider: Not found
      at Request.params.callback [as _callback] (/usr/local/lib/node_modules/yarn/lib/cli.js:66988:18)
      at Request.self.callback (/usr/local/lib/node_modules/yarn/lib/cli.js:140662:22)
      at Request.emit (node:events:390:28)
      at Request.<anonymous> (/usr/local/lib/node_modules/yarn/lib/cli.js:141634:10)
      at Request.emit (node:events:390:28)
      at IncomingMessage.<anonymous> (/usr/local/lib/node_modules/yarn/lib/cli.js:141556:12)
      at Object.onceWrapper (node:events:509:28)
      at IncomingMessage.emit (node:events:402:35)
      at endReadableNT (node:internal/streams/readable:1340:12)
      at processTicksAndRejections (node:internal/process/task_queues:83:21)

npm manifest: 
  {
    "name": "mycoin-cli-web3",
    "version": "1.0.0",
    "description": "",
    "main": "index.js",
    "scripts": {
      "test": "echo \"Error: no test specified\" && exit 1"
    },
    "keywords": [],
    "author": "",
    "license": "ISC",
    "dependencies": {
      "typescript": "^4.5.4"
    }
  }

yarn manifest: 
  No manifest

Lockfile: 
  # THIS IS AN AUTOGENERATED FILE. DO NOT EDIT THIS FILE DIRECTLY.
  # yarn lockfile v1
  
  
  typescript@^4.5.4:
    version "4.5.4"
    resolved "https://registry.yarnpkg.com/typescript/-/typescript-4.5.4.tgz#a17d3a0263bf5c8723b9c52f43c5084edf13c2e8"
    integrity sha512-VgYs2A2QIRuGphtzFV7aQJduJ2gyfTljngLzjpfW9FoYZF6xuw1W0vW9ghCKLfcWrCFxK81CSGRAvS1pn4fIUg==
